<?xml version="1.0" encoding="UTF-8"?>
<!-- Generated by org.testng.reporters.JUnitReportReporter -->
<testsuite hostname="DESKTOP-NPTSVFS" failures="0" tests="1" name="com.noorteck.selenium.day2HW.Exercise2Test" time="0.063" errors="0" timestamp="2024-02-11T18:27:27 CST" skipped="0">
  <testcase classname="com.noorteck.selenium.day2HW.Exercise2Test" name="f" time="0.063"/>
  <system-out/>
</testsuite> <!-- com.noorteck.selenium.day2HW.Exercise2Test -->
