<?xml version="1.0" encoding="UTF-8"?>
<!-- Generated by org.testng.reporters.JUnitReportReporter -->
<testsuite hostname="DESKTOP-NPTSVFS" failures="0" tests="9" name="com.noorteck.testnglecture.GroupingTest" time="0.045" errors="0" timestamp="2024-02-02T20:15:05 CST" skipped="0">
  <testcase classname="com.noorteck.testnglecture.GroupingTest" name="benz" time="0.009"/>
  <system-out/>
  <testcase classname="com.noorteck.testnglecture.GroupingTest" name="rice" time="0.002"/>
  <system-out/>
  <testcase classname="com.noorteck.testnglecture.GroupingTest" name="tesla" time="0.002"/>
  <system-out/>
  <testcase classname="com.noorteck.testnglecture.GroupingTest" name="sandwich" time="0.002"/>
  <system-out/>
  <testcase classname="com.noorteck.testnglecture.GroupingTest" name="honda" time="0.011"/>
  <system-out/>
  <testcase classname="com.noorteck.testnglecture.GroupingTest" name="soccer" time="0.001"/>
  <system-out/>
  <testcase classname="com.noorteck.testnglecture.GroupingTest" name="basketball" time="0.012"/>
  <system-out/>
  <testcase classname="com.noorteck.testnglecture.GroupingTest" name="football" time="0.005"/>
  <system-out/>
  <testcase classname="com.noorteck.testnglecture.GroupingTest" name="taco" time="0.001"/>
  <system-out/>
</testsuite> <!-- com.noorteck.testnglecture.GroupingTest -->
