<?xml version="1.0" encoding="UTF-8"?>
<!-- Generated by org.testng.reporters.JUnitReportReporter -->
<testsuite hostname="DESKTOP-NPTSVFS" failures="0" tests="5" name="com.noorteck.testnglecture.FruitTest" time="0.023" errors="0" timestamp="2024-02-02T20:15:05 CST" skipped="0">
  <testcase classname="com.noorteck.testnglecture.FruitTest" name="orange" time="0.009"/>
  <system-out/>
  <testcase classname="com.noorteck.testnglecture.FruitTest" name="mango" time="0.004"/>
  <system-out/>
  <testcase classname="com.noorteck.testnglecture.FruitTest" name="grape" time="0.002"/>
  <system-out/>
  <testcase classname="com.noorteck.testnglecture.FruitTest" name="banana" time="0.006"/>
  <system-out/>
  <testcase classname="com.noorteck.testnglecture.FruitTest" name="apple" time="0.002"/>
  <system-out/>
</testsuite> <!-- com.noorteck.testnglecture.FruitTest -->
