<?xml version="1.0" encoding="UTF-8"?>
<!-- Generated by org.testng.reporters.JUnitReportReporter -->
<testsuite hostname="DESKTOP-NPTSVFS" failures="0" tests="1" name="com.noorteck.testnglecture.ParameterTest" time="0.011" errors="0" timestamp="2024-02-02T20:14:32 CST" skipped="0">
  <testcase classname="com.noorteck.testnglecture.ParameterTest" name="f" time="0.011"/>
  <system-out/>
</testsuite> <!-- com.noorteck.testnglecture.ParameterTest -->
